[2017-05-23 13:07:43] my_logger.INFO: gateway retrieved and set {"gateway":"wss://gateway.discord.gg/?v=6&encoding=json"} []
[2017-05-23 13:07:43] my_logger.INFO: starting connection to websocket {"gateway":"wss://gateway.discord.gg/?v=6&encoding=json"} []
[2017-05-23 13:07:43] my_logger.INFO: websocket connection has been created [] []
[2017-05-23 13:07:43] my_logger.INFO: received hello [] []
[2017-05-23 13:07:43] my_logger.INFO: identifying {"payload":{"op":2,"d":{"token":"MzExOTY1MDk2MDQ4MDY2NTYx.DAW7sQ.7NxPpWvAcDkQABP_Kb2En4eSJX4","properties":{"$os":"Darwin","$browser":"DiscordPHP/v4.0.3 DiscordBot (https://github.com/teamreflex/DiscordPHP, v4.0.3)","$device":"DiscordPHP/v4.0.3 DiscordBot (https://github.com/teamreflex/DiscordPHP, v4.0.3)","$referrer":"https://github.com/teamreflex/DiscordPHP","$referring_domain":"https://github.com/teamreflex/DiscordPHP"},"compress":true}}} []
[2017-05-23 13:07:43] my_logger.DEBUG: sending heartbeat {"seq":null} []
[2017-05-23 13:07:43] my_logger.INFO: heartbeat timer initilized {"interval":41250} []
[2017-05-23 13:07:43] my_logger.DEBUG: received heartbeat ack {"response_time":111.70601844788} []
[2017-05-23 13:07:43] my_logger.DEBUG: ready packet received [] []
[2017-05-23 13:07:43] my_logger.DEBUG: discord trace received {"trace":["discord-gateway-prd-1-28","discord-sessions-prd-1-9"]} []
[2017-05-23 13:07:43] my_logger.DEBUG: client created and session id stored {"session_id":"a39ab99ff1684705c30f2ebc0644f357","user":{"id":"311965096048066561","username":"jamies-first-bot","avatar":"https://discordapp.com/api/users/311965096048066561/avatars/c69527145b19d8dd26effe2628a668f7.jpg","discriminator":"2774","bot":null}} []
[2017-05-23 13:07:43] my_logger.INFO: did not parse private channels [] []
[2017-05-23 13:07:43] my_logger.INFO: stored guilds {"count":0} []
[2017-05-23 13:07:44] my_logger.INFO: all guilds are now available {"count":1} []
[2017-05-23 13:07:44] my_logger.INFO: loadAllMembers option is disabled, not setting chunking up [] []
[2017-05-23 13:07:44] my_logger.INFO: client is ready [] []
[2017-05-23 13:08:23] my_logger.INFO: gateway retrieved and set {"gateway":"wss://gateway.discord.gg/?v=6&encoding=json"} []
[2017-05-23 13:08:23] my_logger.INFO: starting connection to websocket {"gateway":"wss://gateway.discord.gg/?v=6&encoding=json"} []
[2017-05-23 13:08:23] my_logger.INFO: websocket connection has been created [] []
[2017-05-23 13:08:23] my_logger.INFO: received hello [] []
[2017-05-23 13:08:23] my_logger.INFO: identifying {"payload":{"op":2,"d":{"token":"MzExOTY1MDk2MDQ4MDY2NTYx.DAW7sQ.7NxPpWvAcDkQABP_Kb2En4eSJX4","properties":{"$os":"Darwin","$browser":"DiscordPHP/v4.0.3 DiscordBot (https://github.com/teamreflex/DiscordPHP, v4.0.3)","$device":"DiscordPHP/v4.0.3 DiscordBot (https://github.com/teamreflex/DiscordPHP, v4.0.3)","$referrer":"https://github.com/teamreflex/DiscordPHP","$referring_domain":"https://github.com/teamreflex/DiscordPHP"},"compress":true}}} []
[2017-05-23 13:08:23] my_logger.DEBUG: sending heartbeat {"seq":null} []
[2017-05-23 13:08:23] my_logger.INFO: heartbeat timer initilized {"interval":41250} []
[2017-05-23 13:08:23] my_logger.DEBUG: received heartbeat ack {"response_time":108.93511772156} []
[2017-05-23 13:08:23] my_logger.DEBUG: ready packet received [] []
[2017-05-23 13:08:23] my_logger.DEBUG: discord trace received {"trace":["discord-gateway-prd-1-10","discord-sessions-prd-1-7"]} []
[2017-05-23 13:08:23] my_logger.DEBUG: client created and session id stored {"session_id":"6bc44206d05d899033d90b68b6870790","user":{"id":"311965096048066561","username":"jamies-first-bot","avatar":"https://discordapp.com/api/users/311965096048066561/avatars/c69527145b19d8dd26effe2628a668f7.jpg","discriminator":"2774","bot":null}} []
[2017-05-23 13:08:23] my_logger.INFO: did not parse private channels [] []
[2017-05-23 13:08:23] my_logger.INFO: stored guilds {"count":0} []
[2017-05-23 13:08:24] my_logger.INFO: all guilds are now available {"count":1} []
[2017-05-23 13:08:24] my_logger.INFO: loadAllMembers option is disabled, not setting chunking up [] []
[2017-05-23 13:08:24] my_logger.INFO: client is ready [] []
[2017-05-23 13:09:00] my_logger.INFO: gateway retrieved and set {"gateway":"wss://gateway.discord.gg/?v=6&encoding=json"} []
[2017-05-23 13:09:00] my_logger.INFO: starting connection to websocket {"gateway":"wss://gateway.discord.gg/?v=6&encoding=json"} []
[2017-05-23 13:09:01] my_logger.INFO: websocket connection has been created [] []
[2017-05-23 13:09:01] my_logger.INFO: received hello [] []
[2017-05-23 13:09:01] my_logger.INFO: identifying {"payload":{"op":2,"d":{"token":"MzExOTY1MDk2MDQ4MDY2NTYx.DAW7sQ.7NxPpWvAcDkQABP_Kb2En4eSJX4","properties":{"$os":"Darwin","$browser":"DiscordPHP/v4.0.3 DiscordBot (https://github.com/teamreflex/DiscordPHP, v4.0.3)","$device":"DiscordPHP/v4.0.3 DiscordBot (https://github.com/teamreflex/DiscordPHP, v4.0.3)","$referrer":"https://github.com/teamreflex/DiscordPHP","$referring_domain":"https://github.com/teamreflex/DiscordPHP"},"compress":true}}} []
[2017-05-23 13:09:01] my_logger.DEBUG: sending heartbeat {"seq":null} []
[2017-05-23 13:09:01] my_logger.INFO: heartbeat timer initilized {"interval":41250} []
[2017-05-23 13:09:01] my_logger.DEBUG: received heartbeat ack {"response_time":104.63118553162} []
[2017-05-23 13:09:01] my_logger.DEBUG: ready packet received [] []
[2017-05-23 13:09:01] my_logger.DEBUG: discord trace received {"trace":["discord-gateway-prd-1-21","discord-sessions-prd-1-7"]} []
[2017-05-23 13:09:01] my_logger.DEBUG: client created and session id stored {"session_id":"62ae23d071c028e1db120dd6c216f692","user":{"id":"311965096048066561","username":"jamies-first-bot","avatar":"https://discordapp.com/api/users/311965096048066561/avatars/c69527145b19d8dd26effe2628a668f7.jpg","discriminator":"2774","bot":null}} []
[2017-05-23 13:09:01] my_logger.INFO: did not parse private channels [] []
[2017-05-23 13:09:01] my_logger.INFO: stored guilds {"count":0} []
[2017-05-23 13:09:01] my_logger.INFO: all guilds are now available {"count":1} []
[2017-05-23 13:09:01] my_logger.INFO: loadAllMembers option is disabled, not setting chunking up [] []
[2017-05-23 13:09:01] my_logger.INFO: client is ready [] []
[2017-05-23 13:09:31] my_logger.INFO: gateway retrieved and set {"gateway":"wss://gateway.discord.gg/?v=6&encoding=json"} []
[2017-05-23 13:09:31] my_logger.INFO: starting connection to websocket {"gateway":"wss://gateway.discord.gg/?v=6&encoding=json"} []
[2017-05-23 13:09:32] my_logger.INFO: websocket connection has been created [] []
[2017-05-23 13:09:32] my_logger.INFO: received hello [] []
[2017-05-23 13:09:32] my_logger.INFO: identifying {"payload":{"op":2,"d":{"token":"MzExOTY1MDk2MDQ4MDY2NTYx.DAW7sQ.7NxPpWvAcDkQABP_Kb2En4eSJX4","properties":{"$os":"Darwin","$browser":"DiscordPHP/v4.0.3 DiscordBot (https://github.com/teamreflex/DiscordPHP, v4.0.3)","$device":"DiscordPHP/v4.0.3 DiscordBot (https://github.com/teamreflex/DiscordPHP, v4.0.3)","$referrer":"https://github.com/teamreflex/DiscordPHP","$referring_domain":"https://github.com/teamreflex/DiscordPHP"},"compress":true}}} []
[2017-05-23 13:09:32] my_logger.DEBUG: sending heartbeat {"seq":null} []
[2017-05-23 13:09:32] my_logger.INFO: heartbeat timer initilized {"interval":41250} []
[2017-05-23 13:09:32] my_logger.DEBUG: received heartbeat ack {"response_time":101.84407234192} []
[2017-05-23 13:09:32] my_logger.DEBUG: ready packet received [] []
[2017-05-23 13:09:32] my_logger.DEBUG: discord trace received {"trace":["discord-gateway-prd-1-9","discord-sessions-prd-1-7"]} []
[2017-05-23 13:09:32] my_logger.DEBUG: client created and session id stored {"session_id":"de16a3f527cac482de3e861e8f5b2977","user":{"id":"311965096048066561","username":"jamies-first-bot","avatar":"https://discordapp.com/api/users/311965096048066561/avatars/c69527145b19d8dd26effe2628a668f7.jpg","discriminator":"2774","bot":null}} []
[2017-05-23 13:09:32] my_logger.INFO: did not parse private channels [] []
[2017-05-23 13:09:32] my_logger.INFO: stored guilds {"count":0} []
[2017-05-23 13:09:32] my_logger.INFO: all guilds are now available {"count":1} []
[2017-05-23 13:09:32] my_logger.INFO: loadAllMembers option is disabled, not setting chunking up [] []
[2017-05-23 13:09:32] my_logger.INFO: client is ready [] []
[2017-05-23 13:10:55] my_logger.INFO: gateway retrieved and set {"gateway":"wss://gateway.discord.gg/?v=6&encoding=json"} []
[2017-05-23 13:10:55] my_logger.INFO: starting connection to websocket {"gateway":"wss://gateway.discord.gg/?v=6&encoding=json"} []
[2017-05-23 13:10:56] my_logger.INFO: websocket connection has been created [] []
[2017-05-23 13:10:56] my_logger.INFO: received hello [] []
[2017-05-23 13:10:56] my_logger.INFO: identifying {"payload":{"op":2,"d":{"token":"MzExOTY1MDk2MDQ4MDY2NTYx.DAW7sQ.7NxPpWvAcDkQABP_Kb2En4eSJX4","properties":{"$os":"Darwin","$browser":"DiscordPHP/v4.0.3 DiscordBot (https://github.com/teamreflex/DiscordPHP, v4.0.3)","$device":"DiscordPHP/v4.0.3 DiscordBot (https://github.com/teamreflex/DiscordPHP, v4.0.3)","$referrer":"https://github.com/teamreflex/DiscordPHP","$referring_domain":"https://github.com/teamreflex/DiscordPHP"},"compress":true}}} []
[2017-05-23 13:10:56] my_logger.DEBUG: sending heartbeat {"seq":null} []
[2017-05-23 13:10:56] my_logger.INFO: heartbeat timer initilized {"interval":41250} []
[2017-05-23 13:10:56] my_logger.DEBUG: received heartbeat ack {"response_time":145.17307281494} []
[2017-05-23 13:10:56] my_logger.DEBUG: ready packet received [] []
[2017-05-23 13:10:56] my_logger.DEBUG: discord trace received {"trace":["discord-gateway-prd-1-6","discord-sessions-prd-1-7"]} []
[2017-05-23 13:10:56] my_logger.DEBUG: client created and session id stored {"session_id":"d9492ddb487c5404f5b6ab4cb4f4ef52","user":{"id":"311965096048066561","username":"jamies-first-bot","avatar":"https://discordapp.com/api/users/311965096048066561/avatars/c69527145b19d8dd26effe2628a668f7.jpg","discriminator":"2774","bot":null}} []
[2017-05-23 13:10:56] my_logger.INFO: did not parse private channels [] []
[2017-05-23 13:10:56] my_logger.INFO: stored guilds {"count":0} []
[2017-05-23 13:10:56] my_logger.INFO: all guilds are now available {"count":1} []
[2017-05-23 13:10:56] my_logger.INFO: loadAllMembers option is disabled, not setting chunking up [] []
[2017-05-23 13:10:56] my_logger.INFO: client is ready [] []
[2017-05-23 13:11:37] my_logger.DEBUG: sending heartbeat {"seq":2} []
[2017-05-23 13:11:37] my_logger.DEBUG: received heartbeat ack {"response_time":107.54013061523} []
[2017-05-23 13:11:40] my_logger.INFO: gateway retrieved and set {"gateway":"wss://gateway.discord.gg/?v=6&encoding=json"} []
[2017-05-23 13:11:40] my_logger.INFO: starting connection to websocket {"gateway":"wss://gateway.discord.gg/?v=6&encoding=json"} []
[2017-05-23 13:11:41] my_logger.INFO: websocket connection has been created [] []
[2017-05-23 13:11:41] my_logger.INFO: received hello [] []
[2017-05-23 13:11:41] my_logger.INFO: identifying {"payload":{"op":2,"d":{"token":"MzExOTY1MDk2MDQ4MDY2NTYx.DAW7sQ.7NxPpWvAcDkQABP_Kb2En4eSJX4","properties":{"$os":"Darwin","$browser":"DiscordPHP/v4.0.3 DiscordBot (https://github.com/teamreflex/DiscordPHP, v4.0.3)","$device":"DiscordPHP/v4.0.3 DiscordBot (https://github.com/teamreflex/DiscordPHP, v4.0.3)","$referrer":"https://github.com/teamreflex/DiscordPHP","$referring_domain":"https://github.com/teamreflex/DiscordPHP"},"compress":true}}} []
[2017-05-23 13:11:41] my_logger.DEBUG: sending heartbeat {"seq":null} []
[2017-05-23 13:11:41] my_logger.INFO: heartbeat timer initilized {"interval":41250} []
[2017-05-23 13:11:41] my_logger.DEBUG: received heartbeat ack {"response_time":113.17682266235} []
[2017-05-23 13:11:41] my_logger.DEBUG: ready packet received [] []
[2017-05-23 13:11:41] my_logger.DEBUG: discord trace received {"trace":["discord-gateway-prd-1-25","discord-sessions-prd-1-8"]} []
[2017-05-23 13:11:41] my_logger.DEBUG: client created and session id stored {"session_id":"8143db02cbac5aeab7c82457c24516a1","user":{"id":"311965096048066561","username":"jamies-first-bot","avatar":"https://discordapp.com/api/users/311965096048066561/avatars/c69527145b19d8dd26effe2628a668f7.jpg","discriminator":"2774","bot":null}} []
[2017-05-23 13:11:41] my_logger.INFO: did not parse private channels [] []
[2017-05-23 13:11:41] my_logger.INFO: stored guilds {"count":0} []
[2017-05-23 13:11:41] my_logger.INFO: all guilds are now available {"count":1} []
[2017-05-23 13:11:41] my_logger.INFO: loadAllMembers option is disabled, not setting chunking up [] []
[2017-05-23 13:11:41] my_logger.INFO: client is ready [] []
[2017-05-23 13:12:22] my_logger.DEBUG: sending heartbeat {"seq":10} []
[2017-05-23 13:12:22] my_logger.DEBUG: received heartbeat ack {"response_time":100.84104537964} []
[2017-05-23 13:12:26] my_logger.INFO: gateway retrieved and set {"gateway":"wss://gateway.discord.gg/?v=6&encoding=json"} []
[2017-05-23 13:12:26] my_logger.INFO: starting connection to websocket {"gateway":"wss://gateway.discord.gg/?v=6&encoding=json"} []
[2017-05-23 13:12:27] my_logger.INFO: websocket connection has been created [] []
[2017-05-23 13:12:27] my_logger.INFO: received hello [] []
[2017-05-23 13:12:27] my_logger.INFO: identifying {"payload":{"op":2,"d":{"token":"MzExOTY1MDk2MDQ4MDY2NTYx.DAW7sQ.7NxPpWvAcDkQABP_Kb2En4eSJX4","properties":{"$os":"Darwin","$browser":"DiscordPHP/v4.0.3 DiscordBot (https://github.com/teamreflex/DiscordPHP, v4.0.3)","$device":"DiscordPHP/v4.0.3 DiscordBot (https://github.com/teamreflex/DiscordPHP, v4.0.3)","$referrer":"https://github.com/teamreflex/DiscordPHP","$referring_domain":"https://github.com/teamreflex/DiscordPHP"},"compress":true}}} []
[2017-05-23 13:12:27] my_logger.DEBUG: sending heartbeat {"seq":null} []
[2017-05-23 13:12:27] my_logger.INFO: heartbeat timer initilized {"interval":41250} []
[2017-05-23 13:12:27] my_logger.DEBUG: received heartbeat ack {"response_time":114.83979225159} []
[2017-05-23 13:12:27] my_logger.DEBUG: ready packet received [] []
[2017-05-23 13:12:27] my_logger.DEBUG: discord trace received {"trace":["discord-gateway-prd-1-16","discord-sessions-prd-1-6"]} []
[2017-05-23 13:12:27] my_logger.DEBUG: client created and session id stored {"session_id":"797e4c7b974a7914d2bbd059fdc5dd17","user":{"id":"311965096048066561","username":"jamies-first-bot","avatar":"https://discordapp.com/api/users/311965096048066561/avatars/c69527145b19d8dd26effe2628a668f7.jpg","discriminator":"2774","bot":null}} []
[2017-05-23 13:12:27] my_logger.INFO: did not parse private channels [] []
[2017-05-23 13:12:27] my_logger.INFO: stored guilds {"count":0} []
[2017-05-23 13:12:27] my_logger.INFO: all guilds are now available {"count":1} []
[2017-05-23 13:12:27] my_logger.INFO: loadAllMembers option is disabled, not setting chunking up [] []
[2017-05-23 13:12:27] my_logger.INFO: client is ready [] []
